/*C12*/SET SCHEMA PUBLIC
INSERT INTO PRIME_CALCULATION VALUES(7,0,7,14)
COMMIT
INSERT INTO PRIME_CALCULATION VALUES(8,0,11,22)
COMMIT
INSERT INTO PRIME_CALCULATION VALUES(9,0,11,22)
COMMIT
INSERT INTO PRIME_CALCULATION VALUES(10,0,78,156)
COMMIT
INSERT INTO PRIME_CALCULATION VALUES(11,0,0,0)
COMMIT
INSERT INTO PRIME_CALCULATION VALUES(12,0,0,0)
COMMIT
INSERT INTO PRIME_CALCULATION VALUES(13,0,7,14)
COMMIT
INSERT INTO PRIME_CALCULATION VALUES(14,0,81,162)
COMMIT
INSERT INTO PRIME_CALCULATION VALUES(15,0,47,94)
COMMIT
INSERT INTO PRIME_CALCULATION VALUES(16,0,75,150)
COMMIT
INSERT INTO PRIME_CALCULATION VALUES(17,0,75,150)
COMMIT
INSERT INTO PRIME_CALCULATION VALUES(18,0,45,90)
COMMIT
INSERT INTO PRIME_CALCULATION VALUES(19,0,89,178)
COMMIT
INSERT INTO PRIME_CALCULATION VALUES(20,0,89,178)
COMMIT
INSERT INTO PRIME_CALCULATION VALUES(21,0,111,222)
COMMIT
/*C16*/SET SCHEMA PUBLIC
DISCONNECT
/*C15*/SET SCHEMA PUBLIC
DISCONNECT
/*C20*/SET SCHEMA PUBLIC
DISCONNECT
/*C14*/SET SCHEMA PUBLIC
DISCONNECT
/*C19*/SET SCHEMA PUBLIC
DISCONNECT
/*C12*/DISCONNECT
/*C21*/SET SCHEMA PUBLIC
DISCONNECT
/*C13*/SET SCHEMA PUBLIC
DISCONNECT
/*C17*/SET SCHEMA PUBLIC
DISCONNECT
/*C18*/SET SCHEMA PUBLIC
DISCONNECT
/*C22*/SET SCHEMA PUBLIC
DISCONNECT
/*C23*/SET SCHEMA PUBLIC
DISCONNECT
/*C24*/SET SCHEMA PUBLIC
DISCONNECT
/*C25*/SET SCHEMA PUBLIC
DISCONNECT
/*C26*/SET SCHEMA PUBLIC
DISCONNECT
/*C27*/SET SCHEMA PUBLIC
DISCONNECT
/*C28*/SET SCHEMA PUBLIC
DISCONNECT
/*C29*/SET SCHEMA PUBLIC
DISCONNECT
/*C30*/SET SCHEMA PUBLIC
DISCONNECT
/*C31*/SET SCHEMA PUBLIC
DISCONNECT
